<?xml version="1.0" encoding="UTF-8"?>
<testng-results skipped="0" failed="0" ignored="0" total="2" passed="2">
  <reporter-output>
  </reporter-output>
  <suite name="Default suite" duration-ms="29759" started-at="2018-10-25T02:41:25Z" finished-at="2018-10-25T02:41:55Z">
    <groups>
    </groups>
    <test name="Default test" duration-ms="29759" started-at="2018-10-25T02:41:25Z" finished-at="2018-10-25T02:41:55Z">
      <class name="com.saran.cashkaro.LoginPageTest">
        <test-method status="PASS" signature="beforesuite()[pri:0, instance:com.saran.cashkaro.LoginPageTest@7cd62f43]" name="beforesuite" is-config="true" duration-ms="217" started-at="2018-10-25T02:41:25Z" finished-at="2018-10-25T02:41:25Z">
          <reporter-output>
          </reporter-output>
        </test-method> <!-- beforesuite -->
        <test-method status="PASS" signature="startTest(java.lang.reflect.Method)[pri:0, instance:com.saran.cashkaro.LoginPageTest@7cd62f43]" name="startTest" is-config="true" duration-ms="6252" started-at="2018-10-25T02:41:25Z" finished-at="2018-10-25T02:41:31Z">
          <params>
            <param index="0">
              <value>
                <![CDATA[public void com.saran.cashkaro.LoginPageTest.Verify_User_Signin()]]>
              </value>
            </param>
          </params>
          <reporter-output>
          </reporter-output>
        </test-method> <!-- startTest -->
        <test-method status="PASS" signature="Verify_User_Signin()[pri:0, instance:com.saran.cashkaro.LoginPageTest@7cd62f43]" name="Verify_User_Signin" duration-ms="9134" started-at="2018-10-25T02:41:31Z" finished-at="2018-10-25T02:41:40Z">
          <reporter-output>
          </reporter-output>
        </test-method> <!-- Verify_User_Signin -->
        <test-method status="PASS" signature="afterMethod()[pri:0, instance:com.saran.cashkaro.LoginPageTest@7cd62f43]" name="afterMethod" is-config="true" duration-ms="642" started-at="2018-10-25T02:41:40Z" finished-at="2018-10-25T02:41:41Z">
          <reporter-output>
          </reporter-output>
        </test-method> <!-- afterMethod -->
        <test-method status="PASS" signature="startTest(java.lang.reflect.Method)[pri:0, instance:com.saran.cashkaro.LoginPageTest@7cd62f43]" name="startTest" is-config="true" duration-ms="3726" started-at="2018-10-25T02:41:41Z" finished-at="2018-10-25T02:41:45Z">
          <params>
            <param index="0">
              <value>
                <![CDATA[public void com.saran.cashkaro.LoginPageTest.Verify_Warning_Message()]]>
              </value>
            </param>
          </params>
          <reporter-output>
          </reporter-output>
        </test-method> <!-- startTest -->
        <test-method status="PASS" signature="Verify_Warning_Message()[pri:0, instance:com.saran.cashkaro.LoginPageTest@7cd62f43]" name="Verify_Warning_Message" duration-ms="9274" started-at="2018-10-25T02:41:45Z" finished-at="2018-10-25T02:41:54Z">
          <reporter-output>
          </reporter-output>
        </test-method> <!-- Verify_Warning_Message -->
        <test-method status="PASS" signature="afterMethod()[pri:0, instance:com.saran.cashkaro.LoginPageTest@7cd62f43]" name="afterMethod" is-config="true" duration-ms="701" started-at="2018-10-25T02:41:54Z" finished-at="2018-10-25T02:41:55Z">
          <reporter-output>
          </reporter-output>
        </test-method> <!-- afterMethod -->
        <test-method status="PASS" signature="aftersuite()[pri:0, instance:com.saran.cashkaro.LoginPageTest@7cd62f43]" name="aftersuite" is-config="true" duration-ms="377" started-at="2018-10-25T02:41:55Z" finished-at="2018-10-25T02:41:55Z">
          <reporter-output>
          </reporter-output>
        </test-method> <!-- aftersuite -->
      </class> <!-- com.saran.cashkaro.LoginPageTest -->
    </test> <!-- Default test -->
  </suite> <!-- Default suite -->
</testng-results>
